<?xml version="1.0" encoding="UTF-8"?>
<testng-results skipped="0" failed="0" ignored="0" total="1" passed="1">
  <reporter-output>
  </reporter-output>
  <suite name="Default suite" duration-ms="31582" started-at="2020-03-11T13:49:08 EDT" finished-at="2020-03-11T13:49:39 EDT">
    <groups>
    </groups>
    <test name="Default test" duration-ms="31582" started-at="2020-03-11T13:49:08 EDT" finished-at="2020-03-11T13:49:39 EDT">
      <class name="com.testNG.testNG">
        <test-method status="PASS" signature="runSetup()[pri:0, instance:com.testNG.testNG@1e6d1014]" name="runSetup" is-config="true" duration-ms="4844" started-at="2020-03-11T13:49:08 EDT" finished-at="2020-03-11T13:49:13 EDT">
          <reporter-output>
          </reporter-output>
        </test-method> <!-- runSetup -->
        <test-method status="PASS" signature="runLogin()[pri:0, instance:com.testNG.testNG@1e6d1014]" name="runLogin" duration-ms="26713" started-at="2020-03-11T13:49:13 EDT" finished-at="2020-03-11T13:49:39 EDT">
          <reporter-output>
          </reporter-output>
        </test-method> <!-- runLogin -->
      </class> <!-- com.testNG.testNG -->
    </test> <!-- Default test -->
  </suite> <!-- Default suite -->
</testng-results>
